[0808/103039:ERROR:process_info.cc(608)] range at 0xfffde000, size 0x230 fully unreadable
[0808/103039:ERROR:process_info.cc(608)] range at 0xfffdd000, size 0xf84 fully unreadable
[0808/103039:ERROR:process_info.cc(608)] range at 0xfffda000, size 0xf84 fully unreadable
[0808/103039:ERROR:process_info.cc(608)] range at 0xfffd7000, size 0xf84 fully unreadable
[0808/103039:ERROR:process_info.cc(608)] range at 0xfffaf000, size 0xf84 fully unreadable
[0808/103039:ERROR:process_info.cc(608)] range at 0xfffac000, size 0xf84 fully unreadable
[0808/103039:ERROR:process_info.cc(608)] range at 0xfffa9000, size 0xf84 fully unreadable
[0808/103039:ERROR:process_info.cc(608)] range at 0xfffa6000, size 0xf84 fully unreadable
[0808/103039:ERROR:process_info.cc(608)] range at 0xfffa3000, size 0xf84 fully unreadable
[0808/103039:ERROR:process_info.cc(608)] range at 0xfffa0000, size 0xf84 fully unreadable
[0808/103039:ERROR:process_info.cc(608)] range at 0xfff9d000, size 0xf84 fully unreadable
[0808/103039:ERROR:process_info.cc(608)] range at 0xfff97000, size 0xf84 fully unreadable
[0808/103039:ERROR:process_info.cc(608)] range at 0xfff9a000, size 0xf84 fully unreadable
[0808/104124:ERROR:process_info.cc(608)] range at 0xfffde000, size 0x230 fully unreadable
[0808/104124:ERROR:process_info.cc(608)] range at 0xfffdd000, size 0xf84 fully unreadable
[0808/104124:ERROR:process_info.cc(608)] range at 0xfffda000, size 0xf84 fully unreadable
[0808/104124:ERROR:process_info.cc(608)] range at 0xfffd7000, size 0xf84 fully unreadable
[0808/104124:ERROR:process_info.cc(608)] range at 0xfffaf000, size 0xf84 fully unreadable
[0808/104124:ERROR:process_info.cc(608)] range at 0xfffac000, size 0xf84 fully unreadable
[0808/104124:ERROR:process_info.cc(608)] range at 0xfffa9000, size 0xf84 fully unreadable
[0808/104124:ERROR:process_info.cc(608)] range at 0xfffa6000, size 0xf84 fully unreadable
[0808/104124:ERROR:process_info.cc(608)] range at 0xfffa3000, size 0xf84 fully unreadable
[0808/104124:ERROR:process_info.cc(608)] range at 0xfffa0000, size 0xf84 fully unreadable
[0808/104124:ERROR:process_info.cc(608)] range at 0xfff9d000, size 0xf84 fully unreadable
[0808/104124:ERROR:process_info.cc(608)] range at 0xfff91000, size 0xf84 fully unreadable
[0808/104124:ERROR:process_info.cc(608)] range at 0xfff9a000, size 0xf84 fully unreadable
[0808/181128:ERROR:process_info.cc(330)] VirtualQueryEx: Access is denied. (0x5)
[0808/181128:ERROR:process_info.cc(547)] ReadMemoryInfo failed
[0808/181128:ERROR:process_info.cc(608)] range at 0xfffde000, size 0x230 fully unreadable
[0808/181128:ERROR:process_reader_win.cc(232)] ReadMemory at 0xfffde000 of 560 bytes failed: Only part of a ReadProcessMemory or WriteProcessMemory request was completed. (0x12B)
[0808/181128:ERROR:process_snapshot_win.cc(349)] ReadMemory PEB
[0808/181128:ERROR:process_reader_win.cc(232)] ReadMemory at 0x180000 of 64 bytes failed: Only part of a ReadProcessMemory or WriteProcessMemory request was completed. (0x12B)
[0808/181128:WARNING:pe_image_reader.cc(280)] could not read dos header from C:\Program Files (x86)\Google\Chrome\Application\chrome.exe
[0808/181128:ERROR:process_reader_win.cc(232)] ReadMemory at 0x77110000 of 64 bytes failed: Only part of a ReadProcessMemory or WriteProcessMemory request was completed. (0x12B)
[0808/181128:WARNING:pe_image_reader.cc(280)] could not read dos header from C:\Windows\SysWOW64\ntdll.dll
[0808/181128:ERROR:process_reader_win.cc(232)] ReadMemory at 0x75630000 of 64 bytes failed: Only part of a ReadProcessMemory or WriteProcessMemory request was completed. (0x12B)
[0808/181128:WARNING:pe_image_reader.cc(280)] could not read dos header from C:\Windows\syswow64\KERNELBASE.dll
[0808/181128:ERROR:process_reader_win.cc(232)] ReadMemory at 0x75cd0000 of 64 bytes failed: Only part of a ReadProcessMemory or WriteProcessMemory request was completed. (0x12B)
[0808/181128:WARNING:pe_image_reader.cc(280)] could not read dos header from C:\Windows\syswow64\kernel32.dll
[0808/181128:ERROR:process_reader_win.cc(232)] ReadMemory at 0x75990000 of 64 bytes failed: Only part of a ReadProcessMemory or WriteProcessMemory request was completed. (0x12B)
[0808/181128:WARNING:pe_image_reader.cc(280)] could not read dos header from C:\Windows\syswow64\msvcrt.dll
[0808/181128:ERROR:process_reader_win.cc(232)] ReadMemory at 0x74b50000 of 64 bytes failed: Only part of a ReadProcessMemory or WriteProcessMemory request was completed. (0x12B)
[0808/181128:WARNING:pe_image_reader.cc(280)] could not read dos header from C:\Windows\syswow64\CRYPTBASE.dll
[0808/181128:ERROR:process_reader_win.cc(232)] ReadMemory at 0x74b60000 of 64 bytes failed: Only part of a ReadProcessMemory or WriteProcessMemory request was completed. (0x12B)
[0808/181128:WARNING:pe_image_reader.cc(280)] could not read dos header from C:\Windows\syswow64\SspiCli.dll
[0808/181128:ERROR:process_reader_win.cc(232)] ReadMemory at 0x75010000 of 64 bytes failed: Only part of a ReadProcessMemory or WriteProcessMemory request was completed. (0x12B)
[0808/181128:WARNING:pe_image_reader.cc(280)] could not read dos header from C:\Windows\syswow64\RPCRT4.dll
[0808/181128:ERROR:process_reader_win.cc(232)] ReadMemory at 0x752e0000 of 64 bytes failed: Only part of a ReadProcessMemory or WriteProcessMemory request was completed. (0x12B)
[0808/181128:WARNING:pe_image_reader.cc(280)] could not read dos header from C:\Windows\SysWOW64\sechost.dll
[0808/181128:ERROR:process_reader_win.cc(232)] ReadMemory at 0x75c30000 of 64 bytes failed: Only part of a ReadProcessMemory or WriteProcessMemory request was completed. (0x12B)
[0808/181128:WARNING:pe_image_reader.cc(280)] could not read dos header from C:\Windows\syswow64\ADVAPI32.dll
[0808/181128:ERROR:process_reader_win.cc(232)] ReadMemory at 0x74a20000 of 64 bytes failed: Only part of a ReadProcessMemory or WriteProcessMemory request was completed. (0x12B)
[0808/181128:WARNING:pe_image_reader.cc(280)] could not read dos header from C:\Program Files (x86)\Google\Chrome\Application\51.0.2704.103\chrome_elf.dll
[0808/181128:ERROR:process_reader_win.cc(232)] ReadMemory at 0x73650000 of 64 bytes failed: Only part of a ReadProcessMemory or WriteProcessMemory request was completed. (0x12B)
[0808/181128:WARNING:pe_image_reader.cc(280)] could not read dos header from C:\Windows\system32\VERSION.dll
[0808/181128:ERROR:process_reader_win.cc(232)] ReadMemory at 0x758f0000 of 64 bytes failed: Only part of a ReadProcessMemory or WriteProcessMemory request was completed. (0x12B)
[0808/181128:WARNING:pe_image_reader.cc(280)] could not read dos header from C:\Windows\syswow64\USP10.dll
[0808/181128:ERROR:process_reader_win.cc(232)] ReadMemory at 0x74f70000 of 64 bytes failed: Only part of a ReadProcessMemory or WriteProcessMemory request was completed. (0x12B)
[0808/181128:WARNING:pe_image_reader.cc(280)] could not read dos header from C:\Windows\syswow64\LPK.dll
[0808/181128:ERROR:process_reader_win.cc(232)] ReadMemory at 0x75690000 of 64 bytes failed: Only part of a ReadProcessMemory or WriteProcessMemory request was completed. (0x12B)
[0808/181128:WARNING:pe_image_reader.cc(280)] could not read dos header from C:\Windows\syswow64\GDI32.dll
[0808/181128:ERROR:process_reader_win.cc(232)] ReadMemory at 0x75100000 of 64 bytes failed: Only part of a ReadProcessMemory or WriteProcessMemory request was completed. (0x12B)
[0808/181128:WARNING:pe_image_reader.cc(280)] could not read dos header from C:\Windows\syswow64\USER32.dll
[0808/181128:ERROR:process_reader_win.cc(232)] ReadMemory at 0x704f0000 of 64 bytes failed: Only part of a ReadProcessMemory or WriteProcessMemory request was completed. (0x12B)
[0808/181128:WARNING:pe_image_reader.cc(280)] could not read dos header from C:\Windows\system32\WINMM.dll
[0808/181128:ERROR:process_reader_win.cc(232)] ReadMemory at 0x71a70000 of 64 bytes failed: Only part of a ReadProcessMemory or WriteProcessMemory request was completed. (0x12B)
[0808/181128:WARNING:pe_image_reader.cc(280)] could not read dos header from C:\Windows\system32\profapi.dll
[0808/181128:ERROR:process_reader_win.cc(232)] ReadMemory at 0x71a80000 of 64 bytes failed: Only part of a ReadProcessMemory or WriteProcessMemory request was completed. (0x12B)
[0808/181128:WARNING:pe_image_reader.cc(280)] could not read dos header from C:\Windows\system32\USERENV.dll
[0808/181128:ERROR:process_reader_win.cc(232)] ReadMemory at 0x74a10000 of 64 bytes failed: Only part of a ReadProcessMemory or WriteProcessMemory request was completed. (0x12B)
[0808/181128:WARNING:pe_image_reader.cc(280)] could not read dos header from C:\Windows\system32\WTSAPI32.dll
[0808/181128:ERROR:process_reader_win.cc(232)] ReadMemory at 0x74960000 of 64 bytes failed: Only part of a ReadProcessMemory or WriteProcessMemory request was completed. (0x12B)
[0808/181128:WARNING:pe_image_reader.cc(280)] could not read dos header from C:\Windows\system32\webio.dll
[0808/181128:ERROR:process_reader_win.cc(232)] ReadMemory at 0x749b0000 of 64 bytes failed: Only part of a ReadProcessMemory or WriteProcessMemory request was completed. (0x12B)
[0808/181128:WARNING:pe_image_reader.cc(280)] could not read dos header from C:\Windows\system32\WINHTTP.dll
[0808/181128:ERROR:process_reader_win.cc(232)] ReadMemory at 0x74950000 of 64 bytes failed: Only part of a ReadProcessMemory or WriteProcessMemory request was completed. (0x12B)
[0808/181128:WARNING:pe_image_reader.cc(280)] could not read dos header from C:\Windows\system32\api-ms-win-core-synch-l1-2-0.DLL
[0808/181128:ERROR:process_reader_win.cc(232)] ReadMemory at 0x74e40000 of 64 bytes failed: Only part of a ReadProcessMemory or WriteProcessMemory request was completed. (0x12B)
[0808/181128:WARNING:pe_image_reader.cc(280)] could not read dos header from C:\Windows\syswow64\MSCTF.dll
[0808/181128:ERROR:process_reader_win.cc(232)] ReadMemory at 0x74f10000 of 64 bytes failed: Only part of a ReadProcessMemory or WriteProcessMemory request was completed. (0x12B)
[0808/181128:WARNING:pe_image_reader.cc(280)] could not read dos header from C:\Windows\system32\IMM32.DLL
[0808/181128:ERROR:process_reader_win.cc(232)] ReadMemory at 0x755d0000 of 64 bytes failed: Only part of a ReadProcessMemory or WriteProcessMemory request was completed. (0x12B)
[0808/181128:WARNING:pe_image_reader.cc(280)] could not read dos header from C:\Windows\syswow64\SHLWAPI.dll
[0808/181128:ERROR:process_reader_win.cc(232)] ReadMemory at 0x75de0000 of 64 bytes failed: Only part of a ReadProcessMemory or WriteProcessMemory request was completed. (0x12B)
[0808/181128:WARNING:pe_image_reader.cc(280)] could not read dos header from C:\Windows\syswow64\SHELL32.dll
[0808/181128:ERROR:process_reader_win.cc(232)] ReadMemory at 0x76a30000 of 64 bytes failed: Only part of a ReadProcessMemory or WriteProcessMemory request was completed. (0x12B)
[0808/181128:WARNING:pe_image_reader.cc(280)] could not read dos header from C:\Windows\syswow64\PSAPI.DLL
[0808/181128:ERROR:process_reader_win.cc(232)] ReadMemory at 0x6a5d0000 of 64 bytes failed: Only part of a ReadProcessMemory or WriteProcessMemory request was completed. (0x12B)
[0808/181128:WARNING:pe_image_reader.cc(280)] could not read dos header from C:\Windows\system32\WINSPOOL.DRV
[0808/181128:ERROR:process_reader_win.cc(232)] ReadMemory at 0x73860000 of 64 bytes failed: Only part of a ReadProcessMemory or WriteProcessMemory request was completed. (0x12B)
[0808/181128:WARNING:pe_image_reader.cc(280)] could not read dos header from C:\Windows\WinSxS\x86_microsoft.windows.common-controls_6595b64144ccf1df_6.0.7601.17514_none_41e6975e2bd6f2b2\COMCTL32.dll
[0808/181128:ERROR:process_reader_win.cc(232)] ReadMemory at 0x74dc0000 of 64 bytes failed: Only part of a ReadProcessMemory or WriteProcessMemory request was completed. (0x12B)
[0808/181128:WARNING:pe_image_reader.cc(280)] could not read dos header from C:\Windows\syswow64\COMDLG32.dll
[0808/181128:ERROR:process_reader_win.cc(232)] ReadMemory at 0x75ad0000 of 64 bytes failed: Only part of a ReadProcessMemory or WriteProcessMemory request was completed. (0x12B)
[0808/181128:WARNING:pe_image_reader.cc(280)] could not read dos header from C:\Windows\syswow64\ole32.dll
[0808/181128:ERROR:process_reader_win.cc(232)] ReadMemory at 0x74f80000 of 64 bytes failed: Only part of a ReadProcessMemory or WriteProcessMemory request was completed. (0x12B)
[0808/181128:WARNING:pe_image_reader.cc(280)] could not read dos header from C:\Windows\syswow64\OLEAUT32.dll
[0808/181128:ERROR:process_reader_win.cc(232)] ReadMemory at 0x755a0000 of 64 bytes failed: Only part of a ReadProcessMemory or WriteProcessMemory request was completed. (0x12B)
[0808/181128:WARNING:pe_image_reader.cc(280)] could not read dos header from C:\Windows\syswow64\NSI.dll
[0808/181128:ERROR:process_reader_win.cc(232)] ReadMemory at 0x71b40000 of 64 bytes failed: Only part of a ReadProcessMemory or WriteProcessMemory request was completed. (0x12B)
[0808/181128:WARNING:pe_image_reader.cc(280)] could not read dos header from C:\Windows\system32\WINNSI.DLL
[0808/181128:ERROR:process_reader_win.cc(232)] ReadMemory at 0x71b50000 of 64 bytes failed: Only part of a ReadProcessMemory or WriteProcessMemory request was completed. (0x12B)
[0808/181128:WARNING:pe_image_reader.cc(280)] could not read dos header from C:\Windows\system32\IPHLPAPI.DLL
[0808/181128:ERROR:process_reader_win.cc(232)] ReadMemory at 0x75200000 of 64 bytes failed: Only part of a ReadProcessMemory or WriteProcessMemory request was completed. (0x12B)
[0808/181128:WARNING:pe_image_reader.cc(280)] could not read dos header from C:\Windows\syswow64\WS2_32.dll
[0808/181128:ERROR:process_reader_win.cc(232)] ReadMemory at 0x755b0000 of 64 bytes failed: Only part of a ReadProcessMemory or WriteProcessMemory request was completed. (0x12B)
[0808/181128:WARNING:pe_image_reader.cc(280)] could not read dos header from C:\Windows\syswow64\MSASN1.dll
[0808/181128:ERROR:process_reader_win.cc(232)] ReadMemory at 0x76a40000 of 64 bytes failed: Only part of a ReadProcessMemory or WriteProcessMemory request was completed. (0x12B)
[0808/181128:WARNING:pe_image_reader.cc(280)] could not read dos header from C:\Windows\syswow64\CRYPT32.dll
[0808/181128:ERROR:process_reader_win.cc(232)] ReadMemory at 0x76ce0000 of 64 bytes failed: Only part of a ReadProcessMemory or WriteProcessMemory request was completed. (0x12B)
[0808/181128:WARNING:pe_image_reader.cc(280)] could not read dos header from C:\Windows\syswow64\WINTRUST.dll
[0808/181128:ERROR:process_reader_win.cc(232)] ReadMemory at 0x70570000 of 64 bytes failed: Only part of a ReadProcessMemory or WriteProcessMemory request was completed. (0x12B)
[0808/181128:WARNING:pe_image_reader.cc(280)] could not read dos header from C:\Windows\system32\Secur32.dll
[0808/181128:ERROR:process_reader_win.cc(232)] ReadMemory at 0x6a6e0000 of 64 bytes failed: Only part of a ReadProcessMemory or WriteProcessMemory request was completed. (0x12B)
[0808/181128:WARNING:pe_image_reader.cc(280)] could not read dos header from C:\Program Files (x86)\Google\Chrome\Application\51.0.2704.103\chrome_child.dll
[0808/181128:ERROR:process_reader_win.cc(232)] ReadMemory at 0x6d780000 of 64 bytes failed: Only part of a ReadProcessMemory or WriteProcessMemory request was completed. (0x12B)
[0808/181128:WARNING:pe_image_reader.cc(280)] could not read dos header from C:\Windows\system32\dwrite.dll
[0808/181128:ERROR:process_reader_win.cc(232)] ReadMemory at 0x77215120 of 5888 bytes failed: Only part of a ReadProcessMemory or WriteProcessMemory request was completed. (0x12B)
[0808/181128:ERROR:process_reader_win.cc(232)] ReadMemory at 0x180000 of 64 bytes failed: Only part of a ReadProcessMemory or WriteProcessMemory request was completed. (0x12B)
[0808/181128:WARNING:pe_image_reader.cc(280)] could not read dos header from C:\Program Files (x86)\Google\Chrome\Application\chrome.exe
[0808/181128:ERROR:process_reader_win.cc(232)] ReadMemory at 0x77110000 of 64 bytes failed: Only part of a ReadProcessMemory or WriteProcessMemory request was completed. (0x12B)
[0808/181128:WARNING:pe_image_reader.cc(280)] could not read dos header from C:\Windows\SysWOW64\ntdll.dll
[0808/181128:ERROR:process_reader_win.cc(232)] ReadMemory at 0x75630000 of 64 bytes failed: Only part of a ReadProcessMemory or WriteProcessMemory request was completed. (0x12B)
[0808/181128:WARNING:pe_image_reader.cc(280)] could not read dos header from C:\Windows\syswow64\KERNELBASE.dll
[0808/181128:ERROR:process_reader_win.cc(232)] ReadMemory at 0x75cd0000 of 64 bytes failed: Only part of a ReadProcessMemory or WriteProcessMemory request was completed. (0x12B)
[0808/181128:WARNING:pe_image_reader.cc(280)] could not read dos header from C:\Windows\syswow64\kernel32.dll
[0808/181128:ERROR:process_reader_win.cc(232)] ReadMemory at 0x75990000 of 64 bytes failed: Only part of a ReadProcessMemory or WriteProcessMemory request was completed. (0x12B)
[0808/181128:WARNING:pe_image_reader.cc(280)] could not read dos header from C:\Windows\syswow64\msvcrt.dll
[0808/181128:ERROR:process_reader_win.cc(232)] ReadMemory at 0x74b50000 of 64 bytes failed: Only part of a ReadProcessMemory or WriteProcessMemory request was completed. (0x12B)
[0808/181128:WARNING:pe_image_reader.cc(280)] could not read dos header from C:\Windows\syswow64\CRYPTBASE.dll
[0808/181128:ERROR:process_reader_win.cc(232)] ReadMemory at 0x74b60000 of 64 bytes failed: Only part of a ReadProcessMemory or WriteProcessMemory request was completed. (0x12B)
[0808/181128:WARNING:pe_image_reader.cc(280)] could not read dos header from C:\Windows\syswow64\SspiCli.dll
[0808/181128:ERROR:process_reader_win.cc(232)] ReadMemory at 0x75010000 of 64 bytes failed: Only part of a ReadProcessMemory or WriteProcessMemory request was completed. (0x12B)
[0808/181128:WARNING:pe_image_reader.cc(280)] could not read dos header from C:\Windows\syswow64\RPCRT4.dll
[0808/181128:ERROR:process_reader_win.cc(232)] ReadMemory at 0x752e0000 of 64 bytes failed: Only part of a ReadProcessMemory or WriteProcessMemory request was completed. (0x12B)
[0808/181128:WARNING:pe_image_reader.cc(280)] could not read dos header from C:\Windows\SysWOW64\sechost.dll
[0808/181128:ERROR:process_reader_win.cc(232)] ReadMemory at 0x75c30000 of 64 bytes failed: Only part of a ReadProcessMemory or WriteProcessMemory request was completed. (0x12B)
[0808/181128:WARNING:pe_image_reader.cc(280)] could not read dos header from C:\Windows\syswow64\ADVAPI32.dll
[0808/181128:ERROR:process_reader_win.cc(232)] ReadMemory at 0x74a20000 of 64 bytes failed: Only part of a ReadProcessMemory or WriteProcessMemory request was completed. (0x12B)
[0808/181128:WARNING:pe_image_reader.cc(280)] could not read dos header from C:\Program Files (x86)\Google\Chrome\Application\51.0.2704.103\chrome_elf.dll
[0808/181128:ERROR:process_reader_win.cc(232)] ReadMemory at 0x73650000 of 64 bytes failed: Only part of a ReadProcessMemory or WriteProcessMemory request was completed. (0x12B)
[0808/181128:WARNING:pe_image_reader.cc(280)] could not read dos header from C:\Windows\system32\VERSION.dll
[0808/181128:ERROR:process_reader_win.cc(232)] ReadMemory at 0x758f0000 of 64 bytes failed: Only part of a ReadProcessMemory or WriteProcessMemory request was completed. (0x12B)
[0808/181128:WARNING:pe_image_reader.cc(280)] could not read dos header from C:\Windows\syswow64\USP10.dll
[0808/181128:ERROR:process_reader_win.cc(232)] ReadMemory at 0x74f70000 of 64 bytes failed: Only part of a ReadProcessMemory or WriteProcessMemory request was completed. (0x12B)
[0808/181128:WARNING:pe_image_reader.cc(280)] could not read dos header from C:\Windows\syswow64\LPK.dll
[0808/181128:ERROR:process_reader_win.cc(232)] ReadMemory at 0x75690000 of 64 bytes failed: Only part of a ReadProcessMemory or WriteProcessMemory request was completed. (0x12B)
[0808/181128:WARNING:pe_image_reader.cc(280)] could not read dos header from C:\Windows\syswow64\GDI32.dll
[0808/181128:ERROR:process_reader_win.cc(232)] ReadMemory at 0x75100000 of 64 bytes failed: Only part of a ReadProcessMemory or WriteProcessMemory request was completed. (0x12B)
[0808/181128:WARNING:pe_image_reader.cc(280)] could not read dos header from C:\Windows\syswow64\USER32.dll
[0808/181128:ERROR:process_reader_win.cc(232)] ReadMemory at 0x704f0000 of 64 bytes failed: Only part of a ReadProcessMemory or WriteProcessMemory request was completed. (0x12B)
[0808/181128:WARNING:pe_image_reader.cc(280)] could not read dos header from C:\Windows\system32\WINMM.dll
[0808/181128:ERROR:process_reader_win.cc(232)] ReadMemory at 0x71a70000 of 64 bytes failed: Only part of a ReadProcessMemory or WriteProcessMemory request was completed. (0x12B)
[0808/181128:WARNING:pe_image_reader.cc(280)] could not read dos header from C:\Windows\system32\profapi.dll
[0808/181128:ERROR:process_reader_win.cc(232)] ReadMemory at 0x71a80000 of 64 bytes failed: Only part of a ReadProcessMemory or WriteProcessMemory request was completed. (0x12B)
[0808/181128:WARNING:pe_image_reader.cc(280)] could not read dos header from C:\Windows\system32\USERENV.dll
[0808/181128:ERROR:process_reader_win.cc(232)] ReadMemory at 0x74a10000 of 64 bytes failed: Only part of a ReadProcessMemory or WriteProcessMemory request was completed. (0x12B)
[0808/181128:WARNING:pe_image_reader.cc(280)] could not read dos header from C:\Windows\system32\WTSAPI32.dll
[0808/181128:ERROR:process_reader_win.cc(232)] ReadMemory at 0x74960000 of 64 bytes failed: Only part of a ReadProcessMemory or WriteProcessMemory request was completed. (0x12B)
[0808/181128:WARNING:pe_image_reader.cc(280)] could not read dos header from C:\Windows\system32\webio.dll
[0808/181128:ERROR:process_reader_win.cc(232)] ReadMemory at 0x749b0000 of 64 bytes failed: Only part of a ReadProcessMemory or WriteProcessMemory request was completed. (0x12B)
[0808/181128:WARNING:pe_image_reader.cc(280)] could not read dos header from C:\Windows\system32\WINHTTP.dll
[0808/181128:ERROR:process_reader_win.cc(232)] ReadMemory at 0x74950000 of 64 bytes failed: Only part of a ReadProcessMemory or WriteProcessMemory request was completed. (0x12B)
[0808/181128:WARNING:pe_image_reader.cc(280)] could not read dos header from C:\Windows\system32\api-ms-win-core-synch-l1-2-0.DLL
[0808/181128:ERROR:process_reader_win.cc(232)] ReadMemory at 0x74e40000 of 64 bytes failed: Only part of a ReadProcessMemory or WriteProcessMemory request was completed. (0x12B)
[0808/181128:WARNING:pe_image_reader.cc(280)] could not read dos header from C:\Windows\syswow64\MSCTF.dll
[0808/181128:ERROR:process_reader_win.cc(232)] ReadMemory at 0x74f10000 of 64 bytes failed: Only part of a ReadProcessMemory or WriteProcessMemory request was completed. (0x12B)
[0808/181128:WARNING:pe_image_reader.cc(280)] could not read dos header from C:\Windows\system32\IMM32.DLL
[0808/181128:ERROR:process_reader_win.cc(232)] ReadMemory at 0x755d0000 of 64 bytes failed: Only part of a ReadProcessMemory or WriteProcessMemory request was completed. (0x12B)
[0808/181128:WARNING:pe_image_reader.cc(280)] could not read dos header from C:\Windows\syswow64\SHLWAPI.dll
[0808/181128:ERROR:process_reader_win.cc(232)] ReadMemory at 0x75de0000 of 64 bytes failed: Only part of a ReadProcessMemory or WriteProcessMemory request was completed. (0x12B)
[0808/181128:WARNING:pe_image_reader.cc(280)] could not read dos header from C:\Windows\syswow64\SHELL32.dll
[0808/181128:ERROR:process_reader_win.cc(232)] ReadMemory at 0x76a30000 of 64 bytes failed: Only part of a ReadProcessMemory or WriteProcessMemory request was completed. (0x12B)
[0808/181128:WARNING:pe_image_reader.cc(280)] could not read dos header from C:\Windows\syswow64\PSAPI.DLL
[0808/181128:ERROR:process_reader_win.cc(232)] ReadMemory at 0x6a5d0000 of 64 bytes failed: Only part of a ReadProcessMemory or WriteProcessMemory request was completed. (0x12B)
[0808/181128:WARNING:pe_image_reader.cc(280)] could not read dos header from C:\Windows\system32\WINSPOOL.DRV
[0808/181128:ERROR:process_reader_win.cc(232)] ReadMemory at 0x73860000 of 64 bytes failed: Only part of a ReadProcessMemory or WriteProcessMemory request was completed. (0x12B)
[0808/181128:WARNING:pe_image_reader.cc(280)] could not read dos header from C:\Windows\WinSxS\x86_microsoft.windows.common-controls_6595b64144ccf1df_6.0.7601.17514_none_41e6975e2bd6f2b2\COMCTL32.dll
[0808/181128:ERROR:process_reader_win.cc(232)] ReadMemory at 0x74dc0000 of 64 bytes failed: Only part of a ReadProcessMemory or WriteProcessMemory request was completed. (0x12B)
[0808/181128:WARNING:pe_image_reader.cc(280)] could not read dos header from C:\Windows\syswow64\COMDLG32.dll
[0808/181128:ERROR:process_reader_win.cc(232)] ReadMemory at 0x75ad0000 of 64 bytes failed: Only part of a ReadProcessMemory or WriteProcessMemory request was completed. (0x12B)
[0808/181128:WARNING:pe_image_reader.cc(280)] could not read dos header from C:\Windows\syswow64\ole32.dll
[0808/181128:ERROR:process_reader_win.cc(232)] ReadMemory at 0x74f80000 of 64 bytes failed: Only part of a ReadProcessMemory or WriteProcessMemory request was completed. (0x12B)
[0808/181128:WARNING:pe_image_reader.cc(280)] could not read dos header from C:\Windows\syswow64\OLEAUT32.dll
[0808/181128:ERROR:process_reader_win.cc(232)] ReadMemory at 0x755a0000 of 64 bytes failed: Only part of a ReadProcessMemory or WriteProcessMemory request was completed. (0x12B)
[0808/181128:WARNING:pe_image_reader.cc(280)] could not read dos header from C:\Windows\syswow64\NSI.dll
[0808/181128:ERROR:process_reader_win.cc(232)] ReadMemory at 0x71b40000 of 64 bytes failed: Only part of a ReadProcessMemory or WriteProcessMemory request was completed. (0x12B)
[0808/181128:WARNING:pe_image_reader.cc(280)] could not read dos header from C:\Windows\system32\WINNSI.DLL
[0808/181128:ERROR:process_reader_win.cc(232)] ReadMemory at 0x71b50000 of 64 bytes failed: Only part of a ReadProcessMemory or WriteProcessMemory request was completed. (0x12B)
[0808/181128:WARNING:pe_image_reader.cc(280)] could not read dos header from C:\Windows\system32\IPHLPAPI.DLL
[0808/181128:ERROR:process_reader_win.cc(232)] ReadMemory at 0x75200000 of 64 bytes failed: Only part of a ReadProcessMemory or WriteProcessMemory request was completed. (0x12B)
[0808/181128:WARNING:pe_image_reader.cc(280)] could not read dos header from C:\Windows\syswow64\WS2_32.dll
[0808/181128:ERROR:process_reader_win.cc(232)] ReadMemory at 0x755b0000 of 64 bytes failed: Only part of a ReadProcessMemory or WriteProcessMemory request was completed. (0x12B)
[0808/181128:WARNING:pe_image_reader.cc(280)] could not read dos header from C:\Windows\syswow64\MSASN1.dll
[0808/181128:ERROR:process_reader_win.cc(232)] ReadMemory at 0x76a40000 of 64 bytes failed: Only part of a ReadProcessMemory or WriteProcessMemory request was completed. (0x12B)
[0808/181128:WARNING:pe_image_reader.cc(280)] could not read dos header from C:\Windows\syswow64\CRYPT32.dll
[0808/181128:ERROR:process_reader_win.cc(232)] ReadMemory at 0x76ce0000 of 64 bytes failed: Only part of a ReadProcessMemory or WriteProcessMemory request was completed. (0x12B)
[0808/181128:WARNING:pe_image_reader.cc(280)] could not read dos header from C:\Windows\syswow64\WINTRUST.dll
[0808/181128:ERROR:process_reader_win.cc(232)] ReadMemory at 0x70570000 of 64 bytes failed: Only part of a ReadProcessMemory or WriteProcessMemory request was completed. (0x12B)
[0808/181128:WARNING:pe_image_reader.cc(280)] could not read dos header from C:\Windows\system32\Secur32.dll
[0808/181128:ERROR:process_reader_win.cc(232)] ReadMemory at 0x6a6e0000 of 64 bytes failed: Only part of a ReadProcessMemory or WriteProcessMemory request was completed. (0x12B)
[0808/181128:WARNING:pe_image_reader.cc(280)] could not read dos header from C:\Program Files (x86)\Google\Chrome\Application\51.0.2704.103\chrome_child.dll
[0808/181128:ERROR:process_reader_win.cc(232)] ReadMemory at 0x6d780000 of 64 bytes failed: Only part of a ReadProcessMemory or WriteProcessMemory request was completed. (0x12B)
[0808/181128:WARNING:pe_image_reader.cc(280)] could not read dos header from C:\Windows\system32\dwrite.dll
[0808/181128:ERROR:process_reader_win.cc(98)] process 5872 not found
[0808/181128:ERROR:process_reader_win.cc(232)] ReadMemory at 0x180000 of 64 bytes failed: Only part of a ReadProcessMemory or WriteProcessMemory request was completed. (0x12B)
[0808/181128:WARNING:pe_image_reader.cc(280)] could not read dos header from C:\Program Files (x86)\Google\Chrome\Application\chrome.exe
[0808/181128:ERROR:process_reader_win.cc(232)] ReadMemory at 0x77110000 of 64 bytes failed: Only part of a ReadProcessMemory or WriteProcessMemory request was completed. (0x12B)
[0808/181128:WARNING:pe_image_reader.cc(280)] could not read dos header from C:\Windows\SysWOW64\ntdll.dll
[0808/181128:ERROR:process_reader_win.cc(232)] ReadMemory at 0x75630000 of 64 bytes failed: Only part of a ReadProcessMemory or WriteProcessMemory request was completed. (0x12B)
[0808/181128:WARNING:pe_image_reader.cc(280)] could not read dos header from C:\Windows\syswow64\KERNELBASE.dll
[0808/181128:ERROR:process_reader_win.cc(232)] ReadMemory at 0x75cd0000 of 64 bytes failed: Only part of a ReadProcessMemory or WriteProcessMemory request was completed. (0x12B)
[0808/181128:WARNING:pe_image_reader.cc(280)] could not read dos header from C:\Windows\syswow64\kernel32.dll
[0808/181128:ERROR:process_reader_win.cc(232)] ReadMemory at 0x75990000 of 64 bytes failed: Only part of a ReadProcessMemory or WriteProcessMemory request was completed. (0x12B)
[0808/181128:WARNING:pe_image_reader.cc(280)] could not read dos header from C:\Windows\syswow64\msvcrt.dll
[0808/181128:ERROR:process_reader_win.cc(232)] ReadMemory at 0x74b50000 of 64 bytes failed: Only part of a ReadProcessMemory or WriteProcessMemory request was completed. (0x12B)
[0808/181128:WARNING:pe_image_reader.cc(280)] could not read dos header from C:\Windows\syswow64\CRYPTBASE.dll
[0808/181128:ERROR:process_reader_win.cc(232)] ReadMemory at 0x74b60000 of 64 bytes failed: Only part of a ReadProcessMemory or WriteProcessMemory request was completed. (0x12B)
[0808/181128:WARNING:pe_image_reader.cc(280)] could not read dos header from C:\Windows\syswow64\SspiCli.dll
[0808/181128:ERROR:process_reader_win.cc(232)] ReadMemory at 0x75010000 of 64 bytes failed: Only part of a ReadProcessMemory or WriteProcessMemory request was completed. (0x12B)
[0808/181128:WARNING:pe_image_reader.cc(280)] could not read dos header from C:\Windows\syswow64\RPCRT4.dll
[0808/181128:ERROR:process_reader_win.cc(232)] ReadMemory at 0x752e0000 of 64 bytes failed: Only part of a ReadProcessMemory or WriteProcessMemory request was completed. (0x12B)
[0808/181128:WARNING:pe_image_reader.cc(280)] could not read dos header from C:\Windows\SysWOW64\sechost.dll
[0808/181128:ERROR:process_reader_win.cc(232)] ReadMemory at 0x75c30000 of 64 bytes failed: Only part of a ReadProcessMemory or WriteProcessMemory request was completed. (0x12B)
[0808/181128:WARNING:pe_image_reader.cc(280)] could not read dos header from C:\Windows\syswow64\ADVAPI32.dll
[0808/181128:ERROR:process_reader_win.cc(232)] ReadMemory at 0x74a20000 of 64 bytes failed: Only part of a ReadProcessMemory or WriteProcessMemory request was completed. (0x12B)
[0808/181128:WARNING:pe_image_reader.cc(280)] could not read dos header from C:\Program Files (x86)\Google\Chrome\Application\51.0.2704.103\chrome_elf.dll
[0808/181128:ERROR:process_reader_win.cc(232)] ReadMemory at 0x73650000 of 64 bytes failed: Only part of a ReadProcessMemory or WriteProcessMemory request was completed. (0x12B)
[0808/181128:WARNING:pe_image_reader.cc(280)] could not read dos header from C:\Windows\system32\VERSION.dll
[0808/181128:ERROR:process_reader_win.cc(232)] ReadMemory at 0x758f0000 of 64 bytes failed: Only part of a ReadProcessMemory or WriteProcessMemory request was completed. (0x12B)
[0808/181128:WARNING:pe_image_reader.cc(280)] could not read dos header from C:\Windows\syswow64\USP10.dll
[0808/181128:ERROR:process_reader_win.cc(232)] ReadMemory at 0x74f70000 of 64 bytes failed: Only part of a ReadProcessMemory or WriteProcessMemory request was completed. (0x12B)
[0808/181128:WARNING:pe_image_reader.cc(280)] could not read dos header from C:\Windows\syswow64\LPK.dll
[0808/181128:ERROR:process_reader_win.cc(232)] ReadMemory at 0x75690000 of 64 bytes failed: Only part of a ReadProcessMemory or WriteProcessMemory request was completed. (0x12B)
[0808/181128:WARNING:pe_image_reader.cc(280)] could not read dos header from C:\Windows\syswow64\GDI32.dll
[0808/181128:ERROR:process_reader_win.cc(232)] ReadMemory at 0x75100000 of 64 bytes failed: Only part of a ReadProcessMemory or WriteProcessMemory request was completed. (0x12B)
[0808/181128:WARNING:pe_image_reader.cc(280)] could not read dos header from C:\Windows\syswow64\USER32.dll
[0808/181128:ERROR:process_reader_win.cc(232)] ReadMemory at 0x704f0000 of 64 bytes failed: Only part of a ReadProcessMemory or WriteProcessMemory request was completed. (0x12B)
[0808/181128:WARNING:pe_image_reader.cc(280)] could not read dos header from C:\Windows\system32\WINMM.dll
[0808/181128:ERROR:process_reader_win.cc(232)] ReadMemory at 0x71a70000 of 64 bytes failed: Only part of a ReadProcessMemory or WriteProcessMemory request was completed. (0x12B)
[0808/181128:WARNING:pe_image_reader.cc(280)] could not read dos header from C:\Windows\system32\profapi.dll
[0808/181128:ERROR:process_reader_win.cc(232)] ReadMemory at 0x71a80000 of 64 bytes failed: Only part of a ReadProcessMemory or WriteProcessMemory request was completed. (0x12B)
[0808/181128:WARNING:pe_image_reader.cc(280)] could not read dos header from C:\Windows\system32\USERENV.dll
[0808/181128:ERROR:process_reader_win.cc(232)] ReadMemory at 0x74a10000 of 64 bytes failed: Only part of a ReadProcessMemory or WriteProcessMemory request was completed. (0x12B)
[0808/181128:WARNING:pe_image_reader.cc(280)] could not read dos header from C:\Windows\system32\WTSAPI32.dll
[0808/181128:ERROR:process_reader_win.cc(232)] ReadMemory at 0x74960000 of 64 bytes failed: Only part of a ReadProcessMemory or WriteProcessMemory request was completed. (0x12B)
[0808/181128:WARNING:pe_image_reader.cc(280)] could not read dos header from C:\Windows\system32\webio.dll
[0808/181128:ERROR:process_reader_win.cc(232)] ReadMemory at 0x749b0000 of 64 bytes failed: Only part of a ReadProcessMemory or WriteProcessMemory request was completed. (0x12B)
[0808/181128:WARNING:pe_image_reader.cc(280)] could not read dos header from C:\Windows\system32\WINHTTP.dll
[0808/181128:ERROR:process_reader_win.cc(232)] ReadMemory at 0x74950000 of 64 bytes failed: Only part of a ReadProcessMemory or WriteProcessMemory request was completed. (0x12B)
[0808/181128:WARNING:pe_image_reader.cc(280)] could not read dos header from C:\Windows\system32\api-ms-win-core-synch-l1-2-0.DLL
[0808/181128:ERROR:process_reader_win.cc(232)] ReadMemory at 0x74e40000 of 64 bytes failed: Only part of a ReadProcessMemory or WriteProcessMemory request was completed. (0x12B)
[0808/181128:WARNING:pe_image_reader.cc(280)] could not read dos header from C:\Windows\syswow64\MSCTF.dll
[0808/181128:ERROR:process_reader_win.cc(232)] ReadMemory at 0x74f10000 of 64 bytes failed: Only part of a ReadProcessMemory or WriteProcessMemory request was completed. (0x12B)
[0808/181128:WARNING:pe_image_reader.cc(280)] could not read dos header from C:\Windows\system32\IMM32.DLL
[0808/181128:ERROR:process_reader_win.cc(232)] ReadMemory at 0x755d0000 of 64 bytes failed: Only part of a ReadProcessMemory or WriteProcessMemory request was completed. (0x12B)
[0808/181128:WARNING:pe_image_reader.cc(280)] could not read dos header from C:\Windows\syswow64\SHLWAPI.dll
[0808/181128:ERROR:process_reader_win.cc(232)] ReadMemory at 0x75de0000 of 64 bytes failed: Only part of a ReadProcessMemory or WriteProcessMemory request was completed. (0x12B)
[0808/181128:WARNING:pe_image_reader.cc(280)] could not read dos header from C:\Windows\syswow64\SHELL32.dll
[0808/181128:ERROR:process_reader_win.cc(232)] ReadMemory at 0x76a30000 of 64 bytes failed: Only part of a ReadProcessMemory or WriteProcessMemory request was completed. (0x12B)
[0808/181128:WARNING:pe_image_reader.cc(280)] could not read dos header from C:\Windows\syswow64\PSAPI.DLL
[0808/181128:ERROR:process_reader_win.cc(232)] ReadMemory at 0x6a5d0000 of 64 bytes failed: Only part of a ReadProcessMemory or WriteProcessMemory request was completed. (0x12B)
[0808/181128:WARNING:pe_image_reader.cc(280)] could not read dos header from C:\Windows\system32\WINSPOOL.DRV
[0808/181128:ERROR:process_reader_win.cc(232)] ReadMemory at 0x73860000 of 64 bytes failed: Only part of a ReadProcessMemory or WriteProcessMemory request was completed. (0x12B)
[0808/181128:WARNING:pe_image_reader.cc(280)] could not read dos header from C:\Windows\WinSxS\x86_microsoft.windows.common-controls_6595b64144ccf1df_6.0.7601.17514_none_41e6975e2bd6f2b2\COMCTL32.dll
[0808/181128:ERROR:process_reader_win.cc(232)] ReadMemory at 0x74dc0000 of 64 bytes failed: Only part of a ReadProcessMemory or WriteProcessMemory request was completed. (0x12B)
[0808/181128:WARNING:pe_image_reader.cc(280)] could not read dos header from C:\Windows\syswow64\COMDLG32.dll
[0808/181128:ERROR:process_reader_win.cc(232)] ReadMemory at 0x75ad0000 of 64 bytes failed: Only part of a ReadProcessMemory or WriteProcessMemory request was completed. (0x12B)
[0808/181128:WARNING:pe_image_reader.cc(280)] could not read dos header from C:\Windows\syswow64\ole32.dll
[0808/181128:ERROR:process_reader_win.cc(232)] ReadMemory at 0x74f80000 of 64 bytes failed: Only part of a ReadProcessMemory or WriteProcessMemory request was completed. (0x12B)
[0808/181128:WARNING:pe_image_reader.cc(280)] could not read dos header from C:\Windows\syswow64\OLEAUT32.dll
[0808/181128:ERROR:process_reader_win.cc(232)] ReadMemory at 0x755a0000 of 64 bytes failed: Only part of a ReadProcessMemory or WriteProcessMemory request was completed. (0x12B)
[0808/181128:WARNING:pe_image_reader.cc(280)] could not read dos header from C:\Windows\syswow64\NSI.dll
[0808/181128:ERROR:process_reader_win.cc(232)] ReadMemory at 0x71b40000 of 64 bytes failed: Only part of a ReadProcessMemory or WriteProcessMemory request was completed. (0x12B)
[0808/181128:WARNING:pe_image_reader.cc(280)] could not read dos header from C:\Windows\system32\WINNSI.DLL
[0808/181128:ERROR:process_reader_win.cc(232)] ReadMemory at 0x71b50000 of 64 bytes failed: Only part of a ReadProcessMemory or WriteProcessMemory request was completed. (0x12B)
[0808/181128:WARNING:pe_image_reader.cc(280)] could not read dos header from C:\Windows\system32\IPHLPAPI.DLL
[0808/181128:ERROR:process_reader_win.cc(232)] ReadMemory at 0x75200000 of 64 bytes failed: Only part of a ReadProcessMemory or WriteProcessMemory request was completed. (0x12B)
[0808/181128:WARNING:pe_image_reader.cc(280)] could not read dos header from C:\Windows\syswow64\WS2_32.dll
[0808/181128:ERROR:process_reader_win.cc(232)] ReadMemory at 0x755b0000 of 64 bytes failed: Only part of a ReadProcessMemory or WriteProcessMemory request was completed. (0x12B)
[0808/181128:WARNING:pe_image_reader.cc(280)] could not read dos header from C:\Windows\syswow64\MSASN1.dll
[0808/181128:ERROR:process_reader_win.cc(232)] ReadMemory at 0x76a40000 of 64 bytes failed: Only part of a ReadProcessMemory or WriteProcessMemory request was completed. (0x12B)
[0808/181128:WARNING:pe_image_reader.cc(280)] could not read dos header from C:\Windows\syswow64\CRYPT32.dll
[0808/181128:ERROR:process_reader_win.cc(232)] ReadMemory at 0x76ce0000 of 64 bytes failed: Only part of a ReadProcessMemory or WriteProcessMemory request was completed. (0x12B)
[0808/181128:WARNING:pe_image_reader.cc(280)] could not read dos header from C:\Windows\syswow64\WINTRUST.dll
[0808/181128:ERROR:process_reader_win.cc(232)] ReadMemory at 0x70570000 of 64 bytes failed: Only part of a ReadProcessMemory or WriteProcessMemory request was completed. (0x12B)
[0808/181128:WARNING:pe_image_reader.cc(280)] could not read dos header from C:\Windows\system32\Secur32.dll
[0808/181128:ERROR:process_reader_win.cc(232)] ReadMemory at 0x6a6e0000 of 64 bytes failed: Only part of a ReadProcessMemory or WriteProcessMemory request was completed. (0x12B)
[0808/181128:WARNING:pe_image_reader.cc(280)] could not read dos header from C:\Program Files (x86)\Google\Chrome\Application\51.0.2704.103\chrome_child.dll
[0808/181128:ERROR:process_reader_win.cc(232)] ReadMemory at 0x6d780000 of 64 bytes failed: Only part of a ReadProcessMemory or WriteProcessMemory request was completed. (0x12B)
[0808/181128:WARNING:pe_image_reader.cc(280)] could not read dos header from C:\Windows\system32\dwrite.dll
[0808/181128:ERROR:process_reader_win.cc(232)] ReadMemory at 0x23c374 of 12 bytes failed: Only part of a ReadProcessMemory or WriteProcessMemory request was completed. (0x12B)
[0808/181128:WARNING:process_snapshot_win.cc(102)] ReadMemory ExceptionInformation failed
[0808/181128:WARNING:crash_report_exception_handler.cc(60)] ProcessSnapshotWin::InitializeException failed
[0808/181128:ERROR:scoped_process_suspend.cc(38)] NtResumeProcess, ntstatus=-1073741558
